[01m[K/home/marzooq/AUV_SOFTWARE/AUV_ROS/src/first_layer/src/first_layer_node.cpp:[m[K In function â€˜[01m[Kbool isfront_front()[m[Kâ€™:
[01m[K/home/marzooq/AUV_SOFTWARE/AUV_ROS/src/first_layer/src/first_layer_node.cpp:41:26:[m[K [01;35m[Kwarning: [m[Kformat â€˜[01m[K%s[m[Kâ€™ expects argument of type â€˜[01m[Kchar*[m[Kâ€™, but argument 2 has type â€˜[01m[Kstd::__cxx11::string* {aka std::__cxx11::basic_string<char>*}[m[Kâ€™ [-Wformat=]
     printf("%s\n", result);
[01;32m[K                          ^[m[K
[01m[K/home/marzooq/AUV_SOFTWARE/AUV_ROS/src/first_layer/src/first_layer_node.cpp:[m[K In function â€˜[01m[Kint main(int, char**)[m[Kâ€™:
[01m[K/home/marzooq/AUV_SOFTWARE/AUV_ROS/src/first_layer/src/first_layer_node.cpp:57:24:[m[K [01;31m[Kerror: [m[Kexpected â€˜[01m[K)[m[Kâ€™ before â€˜[01m[K{[m[Kâ€™ token
     if (isfront_front(){
[01;32m[K                        ^[m[K
[01m[K/home/marzooq/AUV_SOFTWARE/AUV_ROS/src/first_layer/src/first_layer_node.cpp:67:16:[m[K [01;31m[Kerror: [m[Kâ€˜[01m[Kframe_front[m[Kâ€™ was not declared in this scope
     cap_front>>frame_front;
[01;32m[K                ^[m[K
[01m[K/home/marzooq/AUV_SOFTWARE/AUV_ROS/src/first_layer/src/first_layer_node.cpp:69:17:[m[K [01;31m[Kerror: [m[Kâ€˜[01m[Kframe_bottom[m[Kâ€™ was not declared in this scope
     cap_bottom>>frame_bottom;
[01;32m[K                 ^[m[K
make[2]: *** [CMakeFiles/first_layer_node.dir/src/first_layer_node.cpp.o] Error 1
make[1]: *** [CMakeFiles/first_layer_node.dir/all] Error 2
make: *** [all] Error 2
