[35m[1mScanning dependencies of target first_layer_node[0m
[ 50%] [32mBuilding CXX object CMakeFiles/first_layer_node.dir/src/first_layer_node.cpp.o[0m
[01m[K/home/marzooq/AUV_SOFTWARE/AUV_ROS/src/first_layer/src/first_layer_node.cpp:[m[K In function â€˜[01m[Kint main(int, char**)[m[Kâ€™:
[01m[K/home/marzooq/AUV_SOFTWARE/AUV_ROS/src/first_layer/src/first_layer_node.cpp:37:5:[m[K [01;31m[Kerror: [m[Kâ€˜[01m[KVideoCapture[m[Kâ€™ was not declared in this scope
     VideoCapture cap_front(0);
[01;32m[K     ^[m[K
[01m[K/home/marzooq/AUV_SOFTWARE/AUV_ROS/src/first_layer/src/first_layer_node.cpp:38:5:[m[K [01;31m[Kerror: [m[Kâ€˜[01m[Kcap_front[m[Kâ€™ was not declared in this scope
     cap_front>>frame_front;
[01;32m[K     ^[m[K
[01m[K/home/marzooq/AUV_SOFTWARE/AUV_ROS/src/first_layer/src/first_layer_node.cpp:39:18:[m[K [01;31m[Kerror: [m[Kexpected â€˜[01m[K;[m[Kâ€™ before â€˜[01m[Kcap_bottom[m[Kâ€™
     VideoCapture cap_bottom(1);
[01;32m[K                  ^[m[K
[01m[K/home/marzooq/AUV_SOFTWARE/AUV_ROS/src/first_layer/src/first_layer_node.cpp:40:5:[m[K [01;31m[Kerror: [m[Kâ€˜[01m[Kcap_bottom[m[Kâ€™ was not declared in this scope
     cap_bottom>>frame_bottom;
[01;32m[K     ^[m[K
[01m[K/home/marzooq/AUV_SOFTWARE/AUV_ROS/src/first_layer/src/first_layer_node.cpp:55:19:[m[K [01;31m[Kerror: [m[Kâ€˜[01m[KwaitKey[m[Kâ€™ was not declared in this scope
      if( waitKey(1) == 13 ) break;
[01;32m[K                   ^[m[K
CMakeFiles/first_layer_node.dir/build.make:62: recipe for target 'CMakeFiles/first_layer_node.dir/src/first_layer_node.cpp.o' failed
make[2]: *** [CMakeFiles/first_layer_node.dir/src/first_layer_node.cpp.o] Error 1
CMakeFiles/Makefile2:579: recipe for target 'CMakeFiles/first_layer_node.dir/all' failed
make[1]: *** [CMakeFiles/first_layer_node.dir/all] Error 2
Makefile:138: recipe for target 'all' failed
make: *** [all] Error 2
