In file included from [01m[K/opt/ros/kinetic/include/ros/ros.h:40:0[m[K,
                 from [01m[K/home/marzooq/AUV_SOFTWARE/AUV_ROS/src/first_layer/src/first_layer_node.cpp:1[m[K:
[01m[K/home/marzooq/AUV_SOFTWARE/AUV_ROS/src/first_layer/src/first_layer_node.cpp:[m[K In function â€˜[01m[Kbool isfront_front()[m[Kâ€™:
[01m[K/opt/ros/kinetic/include/ros/console.h:346:176:[m[K [01;35m[Kwarning: [m[Kformat â€˜[01m[K%s[m[Kâ€™ expects argument of type â€˜[01m[Kchar*[m[Kâ€™, but argument 8 has type â€˜[01m[Kstd::__cxx11::string* {aka std::__cxx11::basic_string<char>*}[m[Kâ€™ [-Wformat=]
     ::ros::console::print(filter, __rosconsole_define_location__loc.logger_, __rosconsole_define_location__loc.level_, __FILE__, __LINE__, __ROSCONSOLE_FUNCTION__, __VA_ARGS__)
[01;32m[K                                                                                                                                                                                ^[m[K
[01m[K/opt/ros/kinetic/include/ros/console.h:349:5:[m[K [01;36m[Knote: [m[Kin expansion of macro â€˜[01m[KROSCONSOLE_PRINT_AT_LOCATION_WITH_FILTER[m[Kâ€™
     ROSCONSOLE_PRINT_AT_LOCATION_WITH_FILTER(0, __VA_ARGS__)
[01;32m[K     ^[m[K
[01m[K/opt/ros/kinetic/include/ros/console.h:379:7:[m[K [01;36m[Knote: [m[Kin expansion of macro â€˜[01m[KROSCONSOLE_PRINT_AT_LOCATION[m[Kâ€™
       ROSCONSOLE_PRINT_AT_LOCATION(__VA_ARGS__); \
[01;32m[K       ^[m[K
[01m[K/opt/ros/kinetic/include/ros/console.h:561:35:[m[K [01;36m[Knote: [m[Kin expansion of macro â€˜[01m[KROS_LOG_COND[m[Kâ€™
 #define ROS_LOG(level, name, ...) ROS_LOG_COND(true, level, name, __VA_ARGS__)
[01;32m[K                                   ^[m[K
[01m[K/opt/ros/kinetic/include/rosconsole/macros_generated.h:110:23:[m[K [01;36m[Knote: [m[Kin expansion of macro â€˜[01m[KROS_LOG[m[Kâ€™
 #define ROS_INFO(...) ROS_LOG(::ros::console::levels::Info, ROSCONSOLE_DEFAULT_NAME, __VA_ARGS__)
[01;32m[K                       ^[m[K
[01m[K/home/marzooq/AUV_SOFTWARE/AUV_ROS/src/first_layer/src/first_layer_node.cpp:41:5:[m[K [01;36m[Knote: [m[Kin expansion of macro â€˜[01m[KROS_INFO[m[Kâ€™
     ROS_INFO("%s",result);
[01;32m[K     ^[m[K
[01m[K/home/marzooq/AUV_SOFTWARE/AUV_ROS/src/first_layer/src/first_layer_node.cpp:[m[K In function â€˜[01m[Kint main(int, char**)[m[Kâ€™:
[01m[K/home/marzooq/AUV_SOFTWARE/AUV_ROS/src/first_layer/src/first_layer_node.cpp:57:24:[m[K [01;31m[Kerror: [m[Kexpected â€˜[01m[K)[m[Kâ€™ before â€˜[01m[K{[m[Kâ€™ token
     if (isfront_front(){
[01;32m[K                        ^[m[K
[01m[K/home/marzooq/AUV_SOFTWARE/AUV_ROS/src/first_layer/src/first_layer_node.cpp:67:16:[m[K [01;31m[Kerror: [m[Kâ€˜[01m[Kframe_front[m[Kâ€™ was not declared in this scope
     cap_front>>frame_front;
[01;32m[K                ^[m[K
[01m[K/home/marzooq/AUV_SOFTWARE/AUV_ROS/src/first_layer/src/first_layer_node.cpp:69:17:[m[K [01;31m[Kerror: [m[Kâ€˜[01m[Kframe_bottom[m[Kâ€™ was not declared in this scope
     cap_bottom>>frame_bottom;
[01;32m[K                 ^[m[K
make[2]: *** [CMakeFiles/first_layer_node.dir/src/first_layer_node.cpp.o] Error 1
make[1]: *** [CMakeFiles/first_layer_node.dir/all] Error 2
make: *** [all] Error 2
