[01m[K/home/marzooq/AUV_SOFTWARE/AUV_ROS/src/intermediate_layer/src/gate_detect_node.cpp:[m[K In function â€˜[01m[Kvoid imgCallback(const ImageConstPtr&)[m[Kâ€™:
[01m[K/home/marzooq/AUV_SOFTWARE/AUV_ROS/src/intermediate_layer/src/gate_detect_node.cpp:18:26:[m[K [01;31m[Kerror: [m[Kâ€˜[01m[Kgate_pixels[m[Kâ€™ was not declared in this scope
         gate_pixels(frame);
[01;32m[K                          ^[m[K
make[2]: *** [CMakeFiles/gate_detect_node.dir/src/gate_detect_node.cpp.o] Error 1
make[1]: *** [CMakeFiles/gate_detect_node.dir/all] Error 2
make: *** [all] Error 2
