[35m[1mScanning dependencies of target gate_detect_node[0m
[ 50%] Built target intermediate_layer_node
[ 75%] [32mBuilding CXX object CMakeFiles/gate_detect_node.dir/src/gate_detect_node.cpp.o[0m
[01m[K/home/marzooq/AUV_SOFTWARE/AUV_ROS/src/intermediate_layer/src/gate_detect_node.cpp:[m[K In function â€˜[01m[Kint gate_pixels(cv::Mat)[m[Kâ€™:
[01m[K/home/marzooq/AUV_SOFTWARE/AUV_ROS/src/intermediate_layer/src/gate_detect_node.cpp:42:50:[m[K [01;31m[Kerror: [m[Kâ€˜[01m[K__gnu_cxx::__alloc_traits<std::allocator<std::vector<cv::Point_<int> > > >::value_type {aka class std::vector<cv::Point_<int> >}[m[Kâ€™ has no member named â€˜[01m[Ktl[m[Kâ€™
     p.x = (contours_rect[contours_rect.size()-1].tl()+contours_rect[contours_rect.size()-2].tl())/2;
[01;32m[K                                                  ^[m[K
[01m[K/home/marzooq/AUV_SOFTWARE/AUV_ROS/src/intermediate_layer/src/gate_detect_node.cpp:42:93:[m[K [01;31m[Kerror: [m[Kâ€˜[01m[K__gnu_cxx::__alloc_traits<std::allocator<std::vector<cv::Point_<int> > > >::value_type {aka class std::vector<cv::Point_<int> >}[m[Kâ€™ has no member named â€˜[01m[Ktl[m[Kâ€™
     p.x = (contours_rect[contours_rect.size()-1].tl()+contours_rect[contours_rect.size()-2].tl())/2;
[01;32m[K                                                                                             ^[m[K
CMakeFiles/gate_detect_node.dir/build.make:62: recipe for target 'CMakeFiles/gate_detect_node.dir/src/gate_detect_node.cpp.o' failed
make[2]: *** [CMakeFiles/gate_detect_node.dir/src/gate_detect_node.cpp.o] Error 1
CMakeFiles/Makefile2:867: recipe for target 'CMakeFiles/gate_detect_node.dir/all' failed
make[1]: *** [CMakeFiles/gate_detect_node.dir/all] Error 2
Makefile:138: recipe for target 'all' failed
make: *** [all] Error 2
