[35m[1mScanning dependencies of target gate_detect_node[0m
[ 25%] [32mBuilding CXX object CMakeFiles/gate_detect_node.dir/src/gate_detect_node.cpp.o[0m
[ 75%] Built target intermediate_layer_node
[01m[K/home/marzooq/AUV_SOFTWARE/AUV_ROS/src/intermediate_layer/src/gate_detect_node.cpp:[m[K In function â€˜[01m[Kint main(int, char**)[m[Kâ€™:
[01m[K/home/marzooq/AUV_SOFTWARE/AUV_ROS/src/intermediate_layer/src/gate_detect_node.cpp:71:34:[m[K [01;31m[Kerror: [m[Kâ€˜[01m[Knh[m[Kâ€™ was not declared in this scope
     ros::Publisher gate_pixels = nh.advertise<std_msgs::Int16>("interm/gate_pixels", 1000);
[01;32m[K                                  ^[m[K
[01m[K/home/marzooq/AUV_SOFTWARE/AUV_ROS/src/intermediate_layer/src/gate_detect_node.cpp:71:62:[m[K [01;31m[Kerror: [m[Kexpected primary-expression before â€˜[01m[K>[m[Kâ€™ token
     ros::Publisher gate_pixels = nh.advertise<std_msgs::Int16>("interm/gate_pixels", 1000);
[01;32m[K                                                              ^[m[K
CMakeFiles/gate_detect_node.dir/build.make:62: recipe for target 'CMakeFiles/gate_detect_node.dir/src/gate_detect_node.cpp.o' failed
make[2]: *** [CMakeFiles/gate_detect_node.dir/src/gate_detect_node.cpp.o] Error 1
CMakeFiles/Makefile2:867: recipe for target 'CMakeFiles/gate_detect_node.dir/all' failed
make[1]: *** [CMakeFiles/gate_detect_node.dir/all] Error 2
Makefile:138: recipe for target 'all' failed
make: *** [all] Error 2
